<?xml version="1.0" encoding="UTF-8"?>
<testsuite xmlns:xsi="http://www.w3.org/2001/XMLSchema-instance" xsi:noNamespaceSchemaLocation="https://maven.apache.org/surefire/maven-surefire-plugin/xsd/surefire-test-report.xsd" name="org.example.FizzBuzzTest" time="0.265" tests="5" errors="0" skipped="0" failures="0">
  <properties>
[...]
</properties>
  <testcase name="FizzBuzz_3isFizz" classname="org.example.FizzBuzzTest" time="0.009"/>
  <testcase name="FizzBuzz_15isFizzBuzz" classname="org.example.FizzBuzzTest" time="0.004"/>
  <testcase name="FizzBuzz_5isBuzz" classname="org.example.FizzBuzzTest" time="0.001"/>
  <testcase name="FizzBuzz_0is0" classname="org.example.FizzBuzzTest" time="0"/>
  <testcase name="FizzBuzz_1is1" classname="org.example.FizzBuzzTest" time="0"/>
</testsuite>